<?xml version="1.0" encoding="UTF-8"?>
<testsuite xmlns:xsi="http://www.w3.org/2001/XMLSchema-instance" xsi:noNamespaceSchemaLocation="https://maven.apache.org/surefire/maven-surefire-plugin/xsd/surefire-test-report-3.0.xsd" version="3.0" name="TestSuite" time="19.874" tests="4" errors="0" skipped="0" failures="0">
  <properties>
[...]
</properties>
  <testcase name="runScenario[&quot;As a user, I should be able to log in using correct registered data&quot;, &quot;Checkout&quot;](1)" classname="binar.runners.testRunner" time="3.812">
    <system-out><![CDATA[
@checkout @checkout
Scenario: As a user, I should be able to log in using correct registered data # src/test/java/binar/features/checkoutProduct.feature:5
  Given user navigate to url "https://www.saucedemo.com/"                     # binar.steps.commonStep.navigateToUrl(java.lang.String)
  When user login using "standard user"                                       # binar.steps.loginStep.loginAs(java.lang.String)
  * user click Add To Cart button on product                                  # binar.steps.checkoutStep.user_click_Add_To_Cart()
  * user do checkout                                                          # binar.steps.checkoutStep.user_do_checkout()
  Then verify checkout successfully                                           # binar.steps.checkoutStep.verify_checkout_successfully()
  * user take screenshot "user-checkout-successfully"                         # binar.steps.commonStep.userTakeScreenshot(java.lang.String)
]]></system-out>
    <system-err><![CDATA[[TestNG-test=test-1] INFO io.github.bonigarcia.wdm.WebDriverManager - Using chromedriver 119.0.6045.105 (resolved driver for Chrome 119)
[TestNG-test=test-1] INFO io.github.bonigarcia.wdm.WebDriverManager - Exporting webdriver.chrome.driver as C:\Users\ASUS\.cache\selenium\chromedriver\win64\119.0.6045.105\chromedriver.exe
]]></system-err>
  </testcase>
  <testcase name="runScenario[&quot;As a user, I should be able to log in using correct registered data&quot;, &quot;Login&quot;](2)" classname="binar.runners.testRunner" time="2.458">
    <system-out><![CDATA[
@login @login
Scenario: As a user, I should be able to log in using correct registered data # src/test/java/binar/features/login.feature:5
  Given user navigate to url "https://www.saucedemo.com/"                     # binar.steps.commonStep.navigateToUrl(java.lang.String)
  When user login using "standard user"                                       # binar.steps.loginStep.loginAs(java.lang.String)
  Then user direct to dashboard screen                                        # binar.steps.loginStep.userDirectToDashboardScreen()
  * user take screenshot "user-login-successfully"                            # binar.steps.commonStep.userTakeScreenshot(java.lang.String)
]]></system-out>
    <system-err><![CDATA[[TestNG-test=test-1] INFO io.github.bonigarcia.wdm.WebDriverManager - Using chromedriver 119.0.6045.105 (resolved driver for Chrome 119)
[TestNG-test=test-1] INFO io.github.bonigarcia.wdm.WebDriverManager - Exporting webdriver.chrome.driver as C:\Users\ASUS\.cache\selenium\chromedriver\win64\119.0.6045.105\chromedriver.exe
]]></system-err>
  </testcase>
  <testcase name="runScenario[&quot;As a user, I should be able to log in using correct registered data&quot;, &quot;Login&quot;](3)" classname="binar.runners.testRunner" time="2.336">
    <system-out><![CDATA[
@login @login
Scenario Outline: As a user, I should be able to log in using correct registered data     # src/test/java/binar/features/login.feature:20
  Given user navigate to url "https://www.saucedemo.com/"                                 # binar.steps.commonStep.navigateToUrl(java.lang.String)
  When user login using "locked out user"                                                 # binar.steps.loginStep.loginAs(java.lang.String)
  Then error alert exist with value "Epic sadface: Sorry, this user has been locked out." # binar.steps.loginStep.errorAlertExist(java.lang.String)
  * user take screenshot "user-login-successfully"                                        # binar.steps.commonStep.userTakeScreenshot(java.lang.String)
]]></system-out>
    <system-err><![CDATA[[TestNG-test=test-1] INFO io.github.bonigarcia.wdm.WebDriverManager - Using chromedriver 119.0.6045.105 (resolved driver for Chrome 119)
[TestNG-test=test-1] INFO io.github.bonigarcia.wdm.WebDriverManager - Exporting webdriver.chrome.driver as C:\Users\ASUS\.cache\selenium\chromedriver\win64\119.0.6045.105\chromedriver.exe
]]></system-err>
  </testcase>
  <testcase name="runScenario[&quot;As a user, I should be able to log in using correct registered data&quot;, &quot;Checkout&quot;](4)" classname="binar.runners.testRunner" time="2.737">
    <system-out><![CDATA[
@sorting @sorting
Scenario: As a user, I should be able to log in using correct registered data # src/test/java/binar/features/sorting.feature:5
  Given user navigate to url "https://www.saucedemo.com/"                     # binar.steps.commonStep.navigateToUrl(java.lang.String)
  When user login using "standard user"                                       # binar.steps.loginStep.loginAs(java.lang.String)
  * user select filter price high to low                                      # binar.steps.sortingStep.user_select_filter()
  Then compare first product price with second product price                  # binar.steps.sortingStep.compare_product_price()
  * user take screenshot "user-sorting-high-to-low-successfully"              # binar.steps.commonStep.userTakeScreenshot(java.lang.String)
]]></system-out>
    <system-err><![CDATA[[TestNG-test=test-1] INFO io.github.bonigarcia.wdm.WebDriverManager - Using chromedriver 119.0.6045.105 (resolved driver for Chrome 119)
[TestNG-test=test-1] INFO io.github.bonigarcia.wdm.WebDriverManager - Exporting webdriver.chrome.driver as C:\Users\ASUS\.cache\selenium\chromedriver\win64\119.0.6045.105\chromedriver.exe
]]></system-err>
  </testcase>
</testsuite>