<?xml version="1.0" encoding="UTF-8"?>
<testng-results ignored="0" total="4" passed="4" failed="0" skipped="0">
  <reporter-output>
  </reporter-output>
  <suite started-at="2023-12-10T16:42:12 ICT" name="All Test Suite" finished-at="2023-12-10T16:42:31 ICT" duration-ms="19331">
    <groups>
      <group name="cucumber">
        <method signature="AbstractTestNGCucumberTests.runScenario(io.cucumber.testng.PickleWrapper,io.cucumber.testng.FeatureWrapper)[pri:0, instance:binar.runners.testRunner@692f203f]" name="runScenario" class="io.cucumber.testng.AbstractTestNGCucumberTests"/>
      </group> <!-- cucumber -->
    </groups>
    <test started-at="2023-12-10T16:42:12 ICT" name="test" finished-at="2023-12-10T16:42:31 ICT" duration-ms="19331">
      <class name="binar.runners.testRunner">
        <test-method is-config="true" signature="setUpClass(org.testng.ITestContext)[pri:0, instance:binar.runners.testRunner@692f203f]" started-at="2023-12-10T16:42:12 ICT" name="setUpClass" finished-at="2023-12-10T16:42:12 ICT" duration-ms="674" status="PASS">
          <params>
            <param index="0">
              <value>
                <![CDATA[org.testng.TestRunner@3e96bacf]]>
              </value>
            </param>
          </params>
          <reporter-output>
          </reporter-output>
        </test-method> <!-- setUpClass -->
        <test-method is-config="true" signature="setupBrowser()[pri:0, instance:binar.runners.testRunner@692f203f]" started-at="2023-12-10T16:42:12 ICT" name="setupBrowser" finished-at="2023-12-10T16:42:15 ICT" duration-ms="2584" status="PASS">
          <reporter-output>
          </reporter-output>
        </test-method> <!-- setupBrowser -->
        <test-method signature="runScenario(io.cucumber.testng.PickleWrapper,io.cucumber.testng.FeatureWrapper)[pri:0, instance:binar.runners.testRunner@692f203f]" started-at="2023-12-10T16:42:15 ICT" name="runScenario" description="Runs Cucumber Scenarios" data-provider="scenarios" finished-at="2023-12-10T16:42:19 ICT" duration-ms="3789" status="PASS">
          <params>
            <param index="0">
              <value>
                <![CDATA["As a user, I should be able to log in using correct registered data"]]>
              </value>
            </param>
            <param index="1">
              <value>
                <![CDATA["Checkout"]]>
              </value>
            </param>
          </params>
          <reporter-output>
          </reporter-output>
        </test-method> <!-- runScenario -->
        <test-method is-config="true" signature="teardownBrowser()[pri:0, instance:binar.runners.testRunner@692f203f]" started-at="2023-12-10T16:42:19 ICT" name="teardownBrowser" finished-at="2023-12-10T16:42:19 ICT" duration-ms="256" status="PASS">
          <reporter-output>
          </reporter-output>
        </test-method> <!-- teardownBrowser -->
        <test-method is-config="true" signature="setupBrowser()[pri:0, instance:binar.runners.testRunner@692f203f]" started-at="2023-12-10T16:42:19 ICT" name="setupBrowser" finished-at="2023-12-10T16:42:20 ICT" duration-ms="1237" status="PASS">
          <reporter-output>
          </reporter-output>
        </test-method> <!-- setupBrowser -->
        <test-method signature="runScenario(io.cucumber.testng.PickleWrapper,io.cucumber.testng.FeatureWrapper)[pri:0, instance:binar.runners.testRunner@692f203f]" started-at="2023-12-10T16:42:20 ICT" name="runScenario" description="Runs Cucumber Scenarios" data-provider="scenarios" finished-at="2023-12-10T16:42:23 ICT" duration-ms="2456" status="PASS">
          <params>
            <param index="0">
              <value>
                <![CDATA["As a user, I should be able to log in using correct registered data"]]>
              </value>
            </param>
            <param index="1">
              <value>
                <![CDATA["Login"]]>
              </value>
            </param>
          </params>
          <reporter-output>
          </reporter-output>
        </test-method> <!-- runScenario -->
        <test-method is-config="true" signature="teardownBrowser()[pri:0, instance:binar.runners.testRunner@692f203f]" started-at="2023-12-10T16:42:23 ICT" name="teardownBrowser" finished-at="2023-12-10T16:42:23 ICT" duration-ms="271" status="PASS">
          <reporter-output>
          </reporter-output>
        </test-method> <!-- teardownBrowser -->
        <test-method is-config="true" signature="setupBrowser()[pri:0, instance:binar.runners.testRunner@692f203f]" started-at="2023-12-10T16:42:23 ICT" name="setupBrowser" finished-at="2023-12-10T16:42:24 ICT" duration-ms="1219" status="PASS">
          <reporter-output>
          </reporter-output>
        </test-method> <!-- setupBrowser -->
        <test-method signature="runScenario(io.cucumber.testng.PickleWrapper,io.cucumber.testng.FeatureWrapper)[pri:0, instance:binar.runners.testRunner@692f203f]" started-at="2023-12-10T16:42:24 ICT" name="runScenario" description="Runs Cucumber Scenarios" data-provider="scenarios" finished-at="2023-12-10T16:42:27 ICT" duration-ms="2332" status="PASS">
          <params>
            <param index="0">
              <value>
                <![CDATA["As a user, I should be able to log in using correct registered data"]]>
              </value>
            </param>
            <param index="1">
              <value>
                <![CDATA["Login"]]>
              </value>
            </param>
          </params>
          <reporter-output>
          </reporter-output>
        </test-method> <!-- runScenario -->
        <test-method is-config="true" signature="teardownBrowser()[pri:0, instance:binar.runners.testRunner@692f203f]" started-at="2023-12-10T16:42:27 ICT" name="teardownBrowser" finished-at="2023-12-10T16:42:27 ICT" duration-ms="198" status="PASS">
          <reporter-output>
          </reporter-output>
        </test-method> <!-- teardownBrowser -->
        <test-method is-config="true" signature="setupBrowser()[pri:0, instance:binar.runners.testRunner@692f203f]" started-at="2023-12-10T16:42:27 ICT" name="setupBrowser" finished-at="2023-12-10T16:42:28 ICT" duration-ms="1195" status="PASS">
          <reporter-output>
          </reporter-output>
        </test-method> <!-- setupBrowser -->
        <test-method signature="runScenario(io.cucumber.testng.PickleWrapper,io.cucumber.testng.FeatureWrapper)[pri:0, instance:binar.runners.testRunner@692f203f]" started-at="2023-12-10T16:42:28 ICT" name="runScenario" description="Runs Cucumber Scenarios" data-provider="scenarios" finished-at="2023-12-10T16:42:31 ICT" duration-ms="2725" status="PASS">
          <params>
            <param index="0">
              <value>
                <![CDATA["As a user, I should be able to log in using correct registered data"]]>
              </value>
            </param>
            <param index="1">
              <value>
                <![CDATA["Checkout"]]>
              </value>
            </param>
          </params>
          <reporter-output>
          </reporter-output>
        </test-method> <!-- runScenario -->
        <test-method is-config="true" signature="teardownBrowser()[pri:0, instance:binar.runners.testRunner@692f203f]" started-at="2023-12-10T16:42:31 ICT" name="teardownBrowser" finished-at="2023-12-10T16:42:31 ICT" duration-ms="262" status="PASS">
          <reporter-output>
          </reporter-output>
        </test-method> <!-- teardownBrowser -->
        <test-method is-config="true" signature="tearDownClass()[pri:0, instance:binar.runners.testRunner@692f203f]" started-at="2023-12-10T16:42:31 ICT" name="tearDownClass" finished-at="2023-12-10T16:42:31 ICT" duration-ms="87" status="PASS">
          <reporter-output>
          </reporter-output>
        </test-method> <!-- tearDownClass -->
      </class> <!-- binar.runners.testRunner -->
    </test> <!-- test -->
  </suite> <!-- All Test Suite -->
</testng-results>
